<?xml version="1.0" encoding="UTF-8"?>
<!-- Generated by org.testng.reporters.JUnitXMLReporter -->
<testsuite hostname="HP-PC" ignored="0" name="Command line test" tests="4" failures="0" timestamp="25 Aug 2018 03:23:49 GMT" time="8.948" errors="0">
  <testcase name="deleteAPITest" time="4.155" classname="com.qa.Tests.DeleteAPITestCase"/>
  <testcase name="getAPITest" time="1.739" classname="com.qa.Tests.GetAPITestCase"/>
  <testcase name="createUserTest" time="1.999" classname="com.qa.Tests.PostAPITestCase"/>
  <testcase name="UpdateUserTest" time="0.928" classname="com.qa.Tests.PUTAPITestCase"/>
</testsuite> <!-- Command line test -->
