<?xml version="1.0" encoding="UTF-8"?>
<!-- Generated by org.testng.reporters.JUnitXMLReporter -->
<testsuite hostname="HP-PC" ignored="0" name="Command line test" tests="4" failures="0" timestamp="04 Sep 2018 03:04:15 GMT" time="6.433" errors="0">
  <testcase name="deleteAPITest" time="2.929" classname="com.qa.Tests.DeleteAPITestCase"/>
  <testcase name="getAPITest" time="1.303" classname="com.qa.Tests.GetAPITestCase"/>
  <testcase name="createUserTest" time="1.344" classname="com.qa.Tests.PostAPITestCase"/>
  <testcase name="UpdateUserTest" time="0.784" classname="com.qa.Tests.PUTAPITestCase"/>
</testsuite> <!-- Command line test -->
