<?xml version="1.0" encoding="UTF-8"?>
<testng-results skipped="0" failed="0" ignored="0" total="1" passed="1">
  <reporter-output>
  </reporter-output>
  <suite name="Default suite" duration-ms="2331" started-at="2018-09-04T05:06:55Z" finished-at="2018-09-04T05:06:58Z">
    <groups>
    </groups>
    <test name="Default test" duration-ms="2331" started-at="2018-09-04T05:06:55Z" finished-at="2018-09-04T05:06:58Z">
      <class name="com.qa.Tests.JSONArrayHandlesConcept">
        <test-method status="PASS" signature="setUP()[pri:0, instance:com.qa.Tests.JSONArrayHandlesConcept@6767c1fc]" name="setUP" is-config="true" duration-ms="9" started-at="2018-09-04T05:06:55Z" finished-at="2018-09-04T05:06:55Z">
          <reporter-output>
          </reporter-output>
        </test-method> <!-- setUP -->
        <test-method status="PASS" signature="getAPITest()[pri:0, instance:com.qa.Tests.JSONArrayHandlesConcept@6767c1fc]" name="getAPITest" duration-ms="2264" started-at="2018-09-04T05:06:55Z" finished-at="2018-09-04T05:06:58Z">
          <reporter-output>
          </reporter-output>
        </test-method> <!-- getAPITest -->
      </class> <!-- com.qa.Tests.JSONArrayHandlesConcept -->
    </test> <!-- Default test -->
  </suite> <!-- Default suite -->
</testng-results>
